<?xml version="1.0" encoding="UTF-8"?>
<!-- Generated by org.testng.reporters.JUnitReportReporter -->
<testsuite ignored="0" hostname="DESKTOP-RUV174U" failures="0" tests="1" name="Sampledemo" time="53.807" errors="0" timestamp="18 Jul 2021 12:15:38 GMT" skipped="0">
  <testcase classname="Sampledemo" name="testUntitled" time="53.807"/>
</testsuite> <!-- Sampledemo -->
