<?xml version="1.0" encoding="UTF-8"?>
<!-- Generated by org.testng.reporters.JUnitReportReporter -->
<testsuite ignored="0" hostname="DESKTOP-RUV174U" failures="0" tests="1" name="Eribank" time="64.764" errors="0" timestamp="18 Jul 2021 11:47:26 GMT" skipped="0">
  <testcase classname="Eribank" name="testUntitled" time="64.764"/>
</testsuite> <!-- Eribank -->
